<?xml version="1.0" encoding="UTF-8"?>
<robot generator="Robot 3.1.2 (Python 3.7.0 on win32)" generated="20191103 21:12:43.622" rpa="false">
<suite id="s1" name="RobotProject" source="C:\Users\moses\eclipse-workspace\RobotProject">
<suite id="s1-s1" name="Test" source="C:\Users\moses\eclipse-workspace\RobotProject\test">
<suite id="s1-s1-s1" name="TestSuite1" source="C:\Users\moses\eclipse-workspace\RobotProject\test\TestSuite1.robot">
<test id="s1-s1-s1-t1" name="MyFirstTest">
<kw name="Greetings">
<kw name="Log To Console" library="BuiltIn">
<doc>Logs the given message to the console.</doc>
<arguments>
<arg>Starting test</arg>
</arguments>
<status status="PASS" starttime="20191103 21:12:44.106" endtime="20191103 21:12:44.109"></status>
</kw>
<kw name="Log" library="BuiltIn">
<doc>Logs the given message with the given level.</doc>
<arguments>
<arg>Hello Moses</arg>
</arguments>
<msg timestamp="20191103 21:12:44.111" level="INFO">Hello Moses</msg>
<status status="PASS" starttime="20191103 21:12:44.110" endtime="20191103 21:12:44.111"></status>
</kw>
<kw name="Log" library="BuiltIn">
<doc>Logs the given message with the given level.</doc>
<arguments>
<arg>Welcome to robot framework</arg>
</arguments>
<msg timestamp="20191103 21:12:44.112" level="INFO">Welcome to robot framework</msg>
<status status="PASS" starttime="20191103 21:12:44.111" endtime="20191103 21:12:44.112"></status>
</kw>
<status status="PASS" starttime="20191103 21:12:44.105" endtime="20191103 21:12:44.112"></status>
</kw>
<status status="PASS" starttime="20191103 21:12:44.104" endtime="20191103 21:12:44.113" critical="yes"></status>
</test>
<test id="s1-s1-s1-t2" name="Simple Web Test">
<kw name="Open Browser" library="SeleniumLibrary">
<doc>Opens a new browser instance to the optional ``url``.</doc>
<arguments>
<arg>${url}</arg>
<arg>${browser}</arg>
</arguments>
<msg timestamp="20191103 21:12:44.116" level="INFO">Opening browser 'firefox' to base url 'http://google.com'.</msg>
<msg timestamp="20191103 21:12:44.120" level="INFO">Firefox driver log is always forced to to: C:\Users\moses\eclipse-workspace\RobotProject\geckodriver-33.log</msg>
<status status="PASS" starttime="20191103 21:12:44.115" endtime="20191103 21:12:59.100"></status>
</kw>
<kw name="Set Browser Implicit Wait" library="SeleniumLibrary">
<doc>Sets the implicit wait value used by Selenium.</doc>
<arguments>
<arg>5</arg>
</arguments>
<status status="PASS" starttime="20191103 21:12:59.104" endtime="20191103 21:12:59.127"></status>
</kw>
<kw name="Input Text" library="SeleniumLibrary">
<doc>Types the given ``text`` into the text field identified by ``locator``.</doc>
<arguments>
<arg>name=q</arg>
<arg>Automation step by step</arg>
</arguments>
<msg timestamp="20191103 21:12:59.129" level="INFO">Typing text 'Automation step by step' into text field 'name=q'.</msg>
<status status="PASS" starttime="20191103 21:12:59.128" endtime="20191103 21:12:59.520"></status>
</kw>
<kw name="Press Keys" library="SeleniumLibrary">
<doc>Simulates the user pressing key(s) to an element or on the active browser.</doc>
<arguments>
<arg>name=q</arg>
<arg>ENTER</arg>
</arguments>
<msg timestamp="20191103 21:12:59.523" level="INFO">Sending key(s) ('ENTER',) to name=q element.</msg>
<msg timestamp="20191103 21:12:59.537" level="INFO">Pressing special key ENTER to element.</msg>
<status status="PASS" starttime="20191103 21:12:59.521" endtime="20191103 21:12:59.899"></status>
</kw>
<kw name="Sleep" library="BuiltIn">
<doc>Pauses the test executed for the given time.</doc>
<arguments>
<arg>5</arg>
</arguments>
<msg timestamp="20191103 21:13:04.936" level="INFO">Slept 5 seconds</msg>
<status status="PASS" starttime="20191103 21:12:59.900" endtime="20191103 21:13:04.937"></status>
</kw>
<kw name="Close Browser" library="SeleniumLibrary">
<doc>Closes the current browser.</doc>
<status status="PASS" starttime="20191103 21:13:04.937" endtime="20191103 21:13:12.827"></status>
</kw>
<kw name="Log" library="BuiltIn">
<doc>Logs the given message with the given level.</doc>
<arguments>
<arg>Test Completed</arg>
</arguments>
<msg timestamp="20191103 21:13:12.851" level="INFO">Test Completed</msg>
<status status="PASS" starttime="20191103 21:13:12.828" endtime="20191103 21:13:12.851"></status>
</kw>
<status status="PASS" starttime="20191103 21:12:44.114" endtime="20191103 21:13:12.852" critical="yes"></status>
</test>
<test id="s1-s1-s1-t3" name="Simple Web Login">
<kw name="Log" library="BuiltIn">
<doc>Logs the given message with the given level.</doc>
<arguments>
<arg>Test Starting......</arg>
</arguments>
<msg timestamp="20191103 21:13:12.854" level="INFO">Test Starting......</msg>
<status status="PASS" starttime="20191103 21:13:12.854" endtime="20191103 21:13:12.855"></status>
</kw>
<kw name="GoToHomePage">
<kw name="Open Browser" library="SeleniumLibrary">
<doc>Opens a new browser instance to the optional ``url``.</doc>
<arguments>
<arg>http://opencart.com</arg>
<arg>${browser}</arg>
</arguments>
<msg timestamp="20191103 21:13:12.857" level="INFO">Opening browser 'firefox' to base url 'http://opencart.com'.</msg>
<msg timestamp="20191103 21:13:12.863" level="INFO">Firefox driver log is always forced to to: C:\Users\moses\eclipse-workspace\RobotProject\geckodriver-34.log</msg>
<status status="PASS" starttime="20191103 21:13:12.856" endtime="20191103 21:13:29.267"></status>
</kw>
<status status="PASS" starttime="20191103 21:13:12.855" endtime="20191103 21:13:29.267"></status>
</kw>
<kw name="Set Browser Implicit Wait" library="SeleniumLibrary">
<doc>Sets the implicit wait value used by Selenium.</doc>
<arguments>
<arg>5</arg>
</arguments>
<status status="PASS" starttime="20191103 21:13:29.268" endtime="20191103 21:13:29.299"></status>
</kw>
<kw name="Click Link" library="SeleniumLibrary">
<doc>Clicks a link identified by ``locator``.</doc>
<arguments>
<arg>link=Login</arg>
</arguments>
<msg timestamp="20191103 21:13:29.300" level="INFO">Clicking link 'link=Login'.</msg>
<status status="PASS" starttime="20191103 21:13:29.300" endtime="20191103 21:13:30.827"></status>
</kw>
<kw name="LogInKeys">
<kw name="Input Text" library="SeleniumLibrary">
<doc>Types the given ``text`` into the text field identified by ``locator``.</doc>
<arguments>
<arg>name=email</arg>
<arg>@{Credential}[0]</arg>
</arguments>
<msg timestamp="20191103 21:13:30.829" level="INFO">Typing text 'moses.adelere@gmail.com' into text field 'name=email'.</msg>
<status status="PASS" starttime="20191103 21:13:30.828" endtime="20191103 21:13:30.926"></status>
</kw>
<kw name="Input Password" library="SeleniumLibrary">
<doc>Types the given password into the text field identified by ``locator``.</doc>
<arguments>
<arg>name=password</arg>
<arg>&amp;{LogInData}[password]</arg>
</arguments>
<msg timestamp="20191103 21:13:30.928" level="INFO">Typing password into text field 'name=password'.</msg>
<status status="PASS" starttime="20191103 21:13:30.927" endtime="20191103 21:13:30.986"></status>
</kw>
<kw name="Submit Form" library="SeleniumLibrary">
<doc>Submits a form identified by ``locator``.</doc>
<msg timestamp="20191103 21:13:30.987" level="INFO">Submitting form 'None'.</msg>
<status status="PASS" starttime="20191103 21:13:30.987" endtime="20191103 21:13:31.032"></status>
</kw>
<status status="PASS" starttime="20191103 21:13:30.828" endtime="20191103 21:13:31.033"></status>
</kw>
<kw name="Authenticate">
<kw name="Input Text" library="SeleniumLibrary">
<doc>Types the given ``text`` into the text field identified by ``locator``.</doc>
<arguments>
<arg>id=input-pin</arg>
<arg>0445</arg>
</arguments>
<msg timestamp="20191103 21:13:31.035" level="INFO">Typing text '0445' into text field 'id=input-pin'.</msg>
<status status="PASS" starttime="20191103 21:13:31.034" endtime="20191103 21:13:32.712"></status>
</kw>
<kw name="Submit Form" library="SeleniumLibrary">
<doc>Submits a form identified by ``locator``.</doc>
<msg timestamp="20191103 21:13:32.715" level="INFO">Submitting form 'None'.</msg>
<status status="PASS" starttime="20191103 21:13:32.713" endtime="20191103 21:13:32.816"></status>
</kw>
<status status="PASS" starttime="20191103 21:13:31.034" endtime="20191103 21:13:32.817"></status>
</kw>
<kw name="Click Element" library="SeleniumLibrary">
<doc>Click the element identified by ``locator``.</doc>
<arguments>
<arg>link=Marketplace</arg>
</arguments>
<msg timestamp="20191103 21:13:32.819" level="INFO">Clicking element 'link=Marketplace'.</msg>
<status status="PASS" starttime="20191103 21:13:32.818" endtime="20191103 21:13:35.777"></status>
</kw>
<kw name="Sleep" library="BuiltIn">
<doc>Pauses the test executed for the given time.</doc>
<arguments>
<arg>5</arg>
</arguments>
<msg timestamp="20191103 21:13:40.779" level="INFO">Slept 5 seconds</msg>
<status status="PASS" starttime="20191103 21:13:35.777" endtime="20191103 21:13:40.780"></status>
</kw>
<kw name="Close Browser" library="SeleniumLibrary">
<doc>Closes the current browser.</doc>
<status status="PASS" starttime="20191103 21:13:40.782" endtime="20191103 21:13:46.039"></status>
</kw>
<kw name="Log" library="BuiltIn">
<doc>Logs the given message with the given level.</doc>
<arguments>
<arg>Test Completed</arg>
</arguments>
<msg timestamp="20191103 21:13:46.041" level="INFO">Test Completed</msg>
<status status="PASS" starttime="20191103 21:13:46.040" endtime="20191103 21:13:46.041"></status>
</kw>
<kw name="Log" library="BuiltIn">
<doc>Logs the given message with the given level.</doc>
<arguments>
<arg>This test was performed by %{username} on %{os}</arg>
</arguments>
<msg timestamp="20191103 21:13:46.043" level="INFO">This test was performed by moses on Windows_NT</msg>
<status status="PASS" starttime="20191103 21:13:46.041" endtime="20191103 21:13:46.043"></status>
</kw>
<doc>This is a sample</doc>
<status status="PASS" starttime="20191103 21:13:12.853" endtime="20191103 21:13:46.043" critical="yes"></status>
</test>
<status status="PASS" starttime="20191103 21:12:43.744" endtime="20191103 21:13:46.045"></status>
</suite>
<status status="PASS" starttime="20191103 21:12:43.738" endtime="20191103 21:13:46.050"></status>
</suite>
<status status="PASS" starttime="20191103 21:12:43.687" endtime="20191103 21:13:46.054"></status>
</suite>
<statistics>
<total>
<stat pass="3" fail="0">Critical Tests</stat>
<stat pass="3" fail="0">All Tests</stat>
</total>
<tag>
</tag>
<suite>
<stat pass="3" fail="0" id="s1" name="RobotProject">RobotProject</stat>
<stat pass="3" fail="0" id="s1-s1" name="Test">RobotProject.Test</stat>
<stat pass="3" fail="0" id="s1-s1-s1" name="TestSuite1">RobotProject.Test.TestSuite1</stat>
</suite>
</statistics>
<errors>
</errors>
</robot>
